-------------------------------------------------------------------------------
Test set: TestSuite
-------------------------------------------------------------------------------
Tests run: 4, Failures: 1, Errors: 0, Skipped: 0, Time elapsed: 41.961 s <<< FAILURE! - in TestSuite
TestRunner1.setUpClass  Time elapsed: 0.227 s  <<< FAILURE!
java.lang.IllegalArgumentException: path must exist: C:\Users\syeda\Documents\TalentTEK\git\Cucumber_BDD\src\test\java\features1

