<?xml version="1.0" encoding="UTF-8"?>
<!-- Generated by org.testng.reporters.JUnitReportReporter -->
<testsuite hostname="DESKTOP-2CK62EB" failures="0" tests="1" name="TestRunner" time="14.484" errors="1" timestamp="2021-10-29T17:02:47 EDT" skipped="0">
  <testcase classname="TestRunner" name="runScenario" time="14.484">
    <error message="begin 0, end 21, length 0" type="java.lang.StringIndexOutOfBoundsException">
      <![CDATA[java.lang.StringIndexOutOfBoundsException: begin 0, end 21, length 0
at java.base/java.lang.String.checkBoundsBeginEnd(String.java:3734)
at java.base/java.lang.String.substring(String.java:1903)
at pageObject.SignUp_page.checkSuccessMsgWithoutId(SignUp_page.java:154)
at stepDefinition.signUp_steps.iShouldSeeThankYouForSignUpMessage(signUp_steps.java:47)
at ✽.I should see Thank you for sign up message(file:///C:/Users/syeda/Documents/TalentTEK/git/Cucumber_BDD/src/test/frameWork/features/signUp.feature:9)
]]>
    </error>
  </testcase> <!-- runScenario -->
  <system-out/>
</testsuite> <!-- TestRunner -->
